Build started 3/9/2013 5:01:15 PM.
     1>Project "C:\Users\Gnatter\Documents\ECPI\CIS126 Programming I\Week 1\Input and Output\Input and Output\Input and Output.vcxproj" on node 2 (build target(s)).
     1>InitializeBuildStatus:
         Creating "Debug\Input and Output.unsuccessfulbuild" because "AlwaysCreate" was specified.
       ClCompile:
         All outputs are up-to-date.
         C:\Program Files (x86)\Microsoft Visual Studio 10.0\VC\bin\CL.exe /c /ZI /nologo /W3 /WX- /Od /Oy- /D WIN32 /D _DEBUG /D _CONSOLE /D _UNICODE /D UNICODE /Gm /EHsc /RTC1 /MDd /GS /fp:precise /Zc:wchar_t /Zc:forScope /Yu"StdAfx.h" /Fp"Debug\Input and Output.pch" /Fo"Debug\\" /Fd"Debug\vc100.pdb" /Gd /TP /analyze- /errorReport:prompt "Input and Output.cpp"
         Input and Output.cpp
       ManifestResourceCompile:
         All outputs are up-to-date.
       Link:
         C:\Program Files (x86)\Microsoft Visual Studio 10.0\VC\bin\link.exe /ERRORREPORT:PROMPT /OUT:"C:\Users\Gnatter\Documents\ECPI\CIS126 Programming I\Week 1\Input and Output\Debug\Input and Output.exe" /INCREMENTAL /NOLOGO kernel32.lib user32.lib gdi32.lib winspool.lib comdlg32.lib advapi32.lib shell32.lib ole32.lib oleaut32.lib uuid.lib odbc32.lib odbccp32.lib /MANIFEST /ManifestFile:"Debug\Input and Output.exe.intermediate.manifest" /MANIFESTUAC:"level='asInvoker' uiAccess='false'" /DEBUG /PDB:"C:\Users\Gnatter\Documents\ECPI\CIS126 Programming I\Week 1\Input and Output\Debug\Input and Output.pdb" /SUBSYSTEM:CONSOLE /TLBID:1 /DYNAMICBASE /NXCOMPAT /IMPLIB:"C:\Users\Gnatter\Documents\ECPI\CIS126 Programming I\Week 1\Input and Output\Debug\Input and Output.lib" /MACHINE:X86 "Debug\Input and Output.exe.embed.manifest.res"
         "Debug\Input and Output.obj"
         Debug\stdafx.obj
       Manifest:
         C:\Program Files (x86)\Microsoft SDKs\Windows\v7.0A\bin\mt.exe /nologo /verbose /out:"Debug\Input and Output.exe.embed.manifest" /manifest "Debug\Input and Output.exe.intermediate.manifest"
         All outputs are up-to-date.
       LinkEmbedManifest:
         All outputs are up-to-date.
         Input and Output.vcxproj -> C:\Users\Gnatter\Documents\ECPI\CIS126 Programming I\Week 1\Input and Output\Debug\Input and Output.exe
       FinalizeBuildStatus:
         Deleting file "Debug\Input and Output.unsuccessfulbuild".
         Touching "Debug\Input and Output.lastbuildstate".
     1>Done Building Project "C:\Users\Gnatter\Documents\ECPI\CIS126 Programming I\Week 1\Input and Output\Input and Output\Input and Output.vcxproj" (build target(s)).

Build succeeded.

Time Elapsed 00:00:00.80
